d:\uni\year three\project\product creation\code\trafficmanagement\defaultsfml\debug\vc140.pdb
d:\uni\year three\project\product creation\code\trafficmanagement\defaultsfml\debug\vc140.idb
d:\uni\year three\project\product creation\code\trafficmanagement\defaultsfml\debug\achievement.obj
d:\uni\year three\project\product creation\code\trafficmanagement\defaultsfml\debug\button.obj
d:\uni\year three\project\product creation\code\trafficmanagement\defaultsfml\debug\car.obj
d:\uni\year three\project\product creation\code\trafficmanagement\defaultsfml\debug\clickable.obj
d:\uni\year three\project\product creation\code\trafficmanagement\defaultsfml\debug\game.obj
d:\uni\year three\project\product creation\code\trafficmanagement\defaultsfml\debug\hoverable.obj
d:\uni\year three\project\product creation\code\trafficmanagement\defaultsfml\debug\main.obj
d:\uni\year three\project\product creation\code\trafficmanagement\defaultsfml\debug\overlay.obj
d:\uni\year three\project\product creation\code\trafficmanagement\defaultsfml\debug\profile.obj
d:\uni\year three\project\product creation\code\trafficmanagement\defaultsfml\debug\textbox.obj
d:\uni\year three\project\product creation\code\trafficmanagement\defaultsfml\debug\tinyxml2.obj
d:\uni\year three\project\product creation\code\trafficmanagement\defaultsfml\debug\textureobject.obj
d:\uni\year three\project\product creation\code\trafficmanagement\defaultsfml\debug\sceneobject.obj
d:\uni\year three\project\product creation\code\trafficmanagement\defaultsfml\debug\road.obj
d:\uni\year three\project\product creation\code\trafficmanagement\debug\trafficmanagement.ilk
d:\uni\year three\project\product creation\code\trafficmanagement\debug\trafficmanagement.exe
d:\uni\year three\project\product creation\code\trafficmanagement\debug\trafficmanagement.pdb
d:\uni\year three\project\product creation\code\trafficmanagement\defaultsfml\debug\trafficm.403904ca.tlog\cl.command.1.tlog
d:\uni\year three\project\product creation\code\trafficmanagement\defaultsfml\debug\trafficm.403904ca.tlog\cl.read.1.tlog
d:\uni\year three\project\product creation\code\trafficmanagement\defaultsfml\debug\trafficm.403904ca.tlog\cl.write.1.tlog
d:\uni\year three\project\product creation\code\trafficmanagement\defaultsfml\debug\trafficm.403904ca.tlog\link.command.1.tlog
d:\uni\year three\project\product creation\code\trafficmanagement\defaultsfml\debug\trafficm.403904ca.tlog\link.read.1.tlog
d:\uni\year three\project\product creation\code\trafficmanagement\defaultsfml\debug\trafficm.403904ca.tlog\link.write.1.tlog
